<?xml version="1.0" encoding="UTF-8"?>
<testsuite name="memory.MemoryFinderTest" tests="1" skipped="0" failures="0" errors="0" timestamp="2023-04-01T14:37:34" hostname="hanhyunkyu-MacBookPro.local" time="0.213">
  <properties/>
  <testcase name="get()" classname="memory.MemoryFinderTest" time="0.213"/>
  <system-out><![CDATA[memory = Memory{used=13972480, max=536870912}
]]></system-out>
  <system-err><![CDATA[]]></system-err>
</testsuite>
